<?xml version="1.0" encoding="UTF-8"?>
<!-- Generated by org.testng.reporters.JUnitXMLReporter -->
<testsuite hostname="M5317421" ignored="0" name="Test" tests="6" failures="6" timestamp="28 May 2020 04:04:51 GMT" time="8.217" errors="0">
  <testcase name="addEmployeePIM" time="2.462" classname="com.homework13may2020.test.PIMTest">
    <failure type="java.lang.NullPointerException">
      <![CDATA[java.lang.NullPointerException
at com.homework13may2020.common.InvokedMethodListnerImpl.afterInvocation(InvokedMethodListnerImpl.java:18)
... Removed 23 stack frames]]>
    </failure>
  </testcase> <!-- addEmployeePIM -->
  <testcase name="addEmployeeTest" time="1.03" classname="com.homework13may2020.test.AddEmployeeTest">
    <failure type="java.lang.NullPointerException">
      <![CDATA[java.lang.NullPointerException
at com.homework13may2020.common.InvokedMethodListnerImpl.afterInvocation(InvokedMethodListnerImpl.java:18)
... Removed 23 stack frames]]>
    </failure>
  </testcase> <!-- addEmployeeTest -->
  <testcase name="verifyLoginTest" time="1.567" classname="com.homework13may2020.test.LoginTest">
    <failure type="java.lang.NullPointerException">
      <![CDATA[java.lang.NullPointerException
at com.homework13may2020.common.InvokedMethodListnerImpl.afterInvocation(InvokedMethodListnerImpl.java:18)
... Removed 23 stack frames]]>
    </failure>
  </testcase> <!-- verifyLoginTest -->
  <testcase name="verifyDashboardTest" time="1.042" classname="com.homework13may2020.test.DashBoardTest">
    <failure type="java.lang.NullPointerException">
      <![CDATA[java.lang.NullPointerException
at com.homework13may2020.common.InvokedMethodListnerImpl.afterInvocation(InvokedMethodListnerImpl.java:18)
... Removed 23 stack frames]]>
    </failure>
  </testcase> <!-- verifyDashboardTest -->
  <testcase name="addUserNegativeTest" time="1.034" classname="com.homework13may2020.test.AddUserTest">
    <failure type="java.lang.NullPointerException">
      <![CDATA[java.lang.NullPointerException
at com.homework13may2020.common.InvokedMethodListnerImpl.afterInvocation(InvokedMethodListnerImpl.java:18)
... Removed 23 stack frames]]>
    </failure>
  </testcase> <!-- addUserNegativeTest -->
  <testcase name="addUserTest" time="1.056" classname="com.homework13may2020.test.AddUserTest">
    <failure type="java.lang.NullPointerException">
      <![CDATA[java.lang.NullPointerException
at com.homework13may2020.common.InvokedMethodListnerImpl.afterInvocation(InvokedMethodListnerImpl.java:18)
... Removed 23 stack frames]]>
    </failure>
  </testcase> <!-- addUserTest -->
</testsuite> <!-- Test -->
