<?xml version="1.0" encoding="UTF-8"?>
<!-- Generated by org.testng.reporters.JUnitXMLReporter -->
<testsuite hostname="M5317421" ignored="0" name="Test" tests="6" failures="6" timestamp="28 May 2020 17:53:40 GMT" time="129.614" errors="0">
  <testcase name="addEmployeePIM" time="23.415" classname="com.homework13may2020.test.PIMTest">
    <failure type="java.lang.NullPointerException">
      <![CDATA[java.lang.NullPointerException
at com.homework13may2020.common.InvokedMethodListnerImpl.afterInvocation(InvokedMethodListnerImpl.java:18)
... Removed 32 stack frames]]>
    </failure>
  </testcase> <!-- addEmployeePIM -->
  <testcase name="addEmployeeTest" time="21.035" classname="com.homework13may2020.test.AddEmployeeTest">
    <failure type="java.lang.NullPointerException">
      <![CDATA[java.lang.NullPointerException
at com.homework13may2020.common.InvokedMethodListnerImpl.afterInvocation(InvokedMethodListnerImpl.java:18)
... Removed 32 stack frames]]>
    </failure>
  </testcase> <!-- addEmployeeTest -->
  <testcase name="verifyLoginTest" time="22.02" classname="com.homework13may2020.test.LoginTest">
    <failure type="java.lang.NullPointerException">
      <![CDATA[java.lang.NullPointerException
at com.homework13may2020.common.InvokedMethodListnerImpl.afterInvocation(InvokedMethodListnerImpl.java:18)
... Removed 32 stack frames]]>
    </failure>
  </testcase> <!-- verifyLoginTest -->
  <testcase name="verifyDashboardTest" time="21.036" classname="com.homework13may2020.test.DashBoardTest">
    <failure type="java.lang.NullPointerException">
      <![CDATA[java.lang.NullPointerException
at com.homework13may2020.common.InvokedMethodListnerImpl.afterInvocation(InvokedMethodListnerImpl.java:18)
... Removed 32 stack frames]]>
    </failure>
  </testcase> <!-- verifyDashboardTest -->
  <testcase name="addUserNegativeTest" time="21.036" classname="com.homework13may2020.test.AddUserTest">
    <failure type="java.lang.NullPointerException">
      <![CDATA[java.lang.NullPointerException
at com.homework13may2020.common.InvokedMethodListnerImpl.afterInvocation(InvokedMethodListnerImpl.java:18)
... Removed 32 stack frames]]>
    </failure>
  </testcase> <!-- addUserNegativeTest -->
  <testcase name="addUserTest" time="21.034" classname="com.homework13may2020.test.AddUserTest">
    <failure type="java.lang.NullPointerException">
      <![CDATA[java.lang.NullPointerException
at com.homework13may2020.common.InvokedMethodListnerImpl.afterInvocation(InvokedMethodListnerImpl.java:18)
... Removed 32 stack frames]]>
    </failure>
  </testcase> <!-- addUserTest -->
</testsuite> <!-- Test -->
